This file contains any messages produced by compilers while
running configure, to aid debugging if configure makes a mistake.

It was created by VINETIC Device Driver configure 1.1.12, which was
generated by GNU Autoconf 2.59.  Invocation command line was

  $ ./configure --enable-spi --enable-2cpe --enable-kernelincl=foo --with-access-mode=SPI

## --------- ##
## Platform. ##
## --------- ##

hostname = bez0842x
uname -m = i686
uname -r = 2.6.8-24-smp-mvfs
uname -s = Linux
uname -v = #2 SMP Fri Aug 12 11:41:22 CEST 2005

/usr/bin/uname -p = unknown
/bin/uname -X     = unknown

/bin/arch              = i686
/usr/bin/arch -k       = unknown
/usr/convex/getsysinfo = unknown
hostinfo               = unknown
/bin/machine           = unknown
/usr/bin/oslevel       = unknown
/bin/universe          = unknown

PATH: /usr/local/bin
PATH: /usr/bin
PATH: /usr/X11R6/bin
PATH: /bin
PATH: /usr/games
PATH: /opt/gnome/bin
PATH: /opt/kde3/bin
PATH: /usr/lib/jvm/jre/bin
PATH: /opt/edtm/bin
PATH: /opt/rational/clearcase/bin
PATH: /opt/rational/clearcase/etc/utils
PATH: /opt/edtm/bin
PATH: /opt/rational/clearcase/bin
PATH: /opt/rational/clearcase/etc/utils


## ----------- ##
## Core tests. ##
## ----------- ##

configure:1363: checking for a BSD-compatible install
configure:1418: result: /usr/bin/install -c
configure:1429: checking whether build environment is sane
configure:1472: result: yes
configure:1537: checking for gawk
configure:1553: found /usr/bin/gawk
configure:1563: result: gawk
configure:1573: checking whether make sets $(MAKE)
configure:1593: result: yes
configure:1819: checking for gcc
configure:1835: found /usr/bin/gcc
configure:1845: result: gcc
configure:2089: checking for C compiler version
configure:2092: gcc --version </dev/null >&5
gcc (GCC) 3.3.4 (pre 3.3.5 20040809)
Copyright (C) 2003 Free Software Foundation, Inc.
This is free software; see the source for copying conditions.  There is NO
warranty; not even for MERCHANTABILITY or FITNESS FOR A PARTICULAR PURPOSE.

configure:2095: $? = 0
configure:2097: gcc -v </dev/null >&5
Reading specs from /usr/lib/gcc-lib/i586-suse-linux/3.3.4/specs
Configured with: ../configure --enable-threads=posix --prefix=/usr --with-local-prefix=/usr/local --infodir=/usr/share/info --mandir=/usr/share/man --enable-languages=c,c++,f77,objc,java,ada --disable-checking --libdir=/usr/lib --enable-libgcj --with-gxx-include-dir=/usr/include/g++ --with-slibdir=/lib --with-system-zlib --enable-shared --enable-__cxa_atexit i586-suse-linux
Thread model: posix
gcc version 3.3.4 (pre 3.3.5 20040809)
configure:2100: $? = 0
configure:2102: gcc -V </dev/null >&5
gcc: `-V' option must have argument
configure:2105: $? = 1
configure:2128: checking for C compiler default output file name
configure:2135: gcc    conftest.c  >&5
configure:2138: $? = 0
configure:2184: result: a.out
configure:2189: checking whether the C compiler works
configure:2195: ./a.out
configure:2198: $? = 0
configure:2215: result: yes
configure:2222: checking whether we are cross compiling
configure:2224: result: no
configure:2227: checking for suffix of executables
configure:2229: gcc -o conftest    conftest.c  >&5
configure:2232: $? = 0
configure:2257: result: 
configure:2263: checking for suffix of object files
configure:2284: gcc -c   conftest.c >&5
configure:2287: $? = 0
configure:2309: result: o
configure:2313: checking whether we are using the GNU C compiler
configure:2337: gcc -c   conftest.c >&5
configure:2343: $? = 0
configure:2347: test -z 
			 || test ! -s conftest.err
configure:2350: $? = 0
configure:2353: test -s conftest.o
configure:2356: $? = 0
configure:2369: result: yes
configure:2374: checking whether gcc accepts -g
configure:2399: gcc -c -g  conftest.c >&5
configure:2405: $? = 0
configure:2409: test -z yes
			 || test ! -s conftest.err
configure:2412: $? = 0
configure:2415: test -s conftest.o
configure:2418: $? = 0
configure:2520: result: yes
configure:2537: checking for gcc option to accept ANSI C
configure:2609: gcc  -c -g -O2  conftest.c >&5
configure:2615: $? = 0
configure:2619: test -z 
			 || test ! -s conftest.err
configure:2622: $? = 0
configure:2625: test -s conftest.o
configure:2628: $? = 0
configure:2646: result: none needed
configure:2664: gcc -c -g -O2  conftest.c >&5
conftest.c:2: error: parse error before "me"
configure:2670: $? = 1
configure: failed program was:
| #ifndef __cplusplus
|   choke me
| #endif
configure:2814: checking for style of include used by make
configure:2842: result: GNU
configure:2870: checking dependency style of gcc
configure:2960: result: gcc3
configure:3085: result: enable use of proc filesystem entries (Linux only)
configure:3152: result: enable support for 1 device (default), set max devices with --with-max-devices=val
configure:3247: result: enable SPI interface.
configure:3254: result: enable user configuration for SPI support
configure:3284: result: enable Vinetic V1.x support (default), disable with --disable-v1
configure:3314: result: enable Vinetic V2.x support (default), disable with --disable-v2
configure:3410: result: enable TAPI Voice support (default), disable with --disable-voice
configure:3470: result: enable TAPI DTMF support (default), disable with --disable-dtmf
configure:3530: result: enable TAPI CID support (default), disable with --disable-cid
configure:3590: result: enable TAPI FAX support (default), disable with --disable-fax
configure:3651: result: enable VINETIC 2CPE support, disabled VINETIC v1.x and v2.x support(!)
configure:3726: result: enable normal byte order (default), enable byte swapping with --enable-byte-swapp
configure:3763: result: enable SPI interface
configure:3770: result: enable user configuration for SPI support
configure:3777: result: enable access mode VIN_ACCESS_MODE_SPI
configure:3886: result: enable access width 16bit (default)
configure:4293: checking for a sed that does not truncate output
configure:4365: result: /usr/bin/sed
configure:4370: creating ./config.status

## ---------------------- ##
## Running config.status. ##
## ---------------------- ##

This file was extended by VINETIC Device Driver config.status 1.1.12, which was
generated by GNU Autoconf 2.59.  Invocation command line was

  CONFIG_FILES    = 
  CONFIG_HEADERS  = 
  CONFIG_LINKS    = 
  CONFIG_COMMANDS = 
  $ ./config.status 

on bez0842x

config.status:705: creating Makefile
config.status:705: creating 2cpe/Makefile
config.status:705: creating vip/Makefile
config.status:809: creating drv_config.h
config.status:1117: executing depfiles commands

## ---------------- ##
## Cache variables. ##
## ---------------- ##

ac_cv_c_compiler_gnu=yes
ac_cv_env_CC_set=
ac_cv_env_CC_value=
ac_cv_env_CFLAGS_set=
ac_cv_env_CFLAGS_value=
ac_cv_env_CPPFLAGS_set=
ac_cv_env_CPPFLAGS_value=
ac_cv_env_LDFLAGS_set=
ac_cv_env_LDFLAGS_value=
ac_cv_env_build_alias_set=
ac_cv_env_build_alias_value=
ac_cv_env_host_alias_set=
ac_cv_env_host_alias_value=
ac_cv_env_target_alias_set=
ac_cv_env_target_alias_value=
ac_cv_exeext=
ac_cv_objext=o
ac_cv_path_SED=/usr/bin/sed
ac_cv_path_install='/usr/bin/install -c'
ac_cv_prog_AWK=gawk
ac_cv_prog_ac_ct_CC=gcc
ac_cv_prog_cc_g=yes
ac_cv_prog_cc_stdc=
ac_cv_prog_make_make_set=yes
am_cv_CC_dependencies_compiler_type=gcc3

## ----------------- ##
## Output variables. ##
## ----------------- ##

ACLOCAL='${SHELL} /home/be324619/3.0.4/drv_vinetic/missing --run aclocal-1.9'
AMDEPBACKSLASH='\'
AMDEP_FALSE='#'
AMDEP_TRUE=''
AMTAR='${SHELL} /home/be324619/3.0.4/drv_vinetic/missing --run tar'
AUTOCONF='${SHELL} /home/be324619/3.0.4/drv_vinetic/missing --run autoconf'
AUTOHEADER='${SHELL} /home/be324619/3.0.4/drv_vinetic/missing --run autoheader'
AUTOMAKE='${SHELL} /home/be324619/3.0.4/drv_vinetic/missing --run automake-1.9'
AWK='gawk'
CC='gcc'
CCDEPMODE='depmode=gcc3'
CFLAGS='-g -O2'
CONFIGURE_OPTIONS=''--enable-spi' '--enable-2cpe' '--enable-kernelincl=foo' '--with-access-mode=SPI''
CPPFLAGS=''
CYGPATH_W='echo'
DEBUG_FALSE=''
DEBUG_TRUE='#'
DEFS='-DHAVE_CONFIG_H'
DEPDIR='.deps'
ECHO_C=''
ECHO_N='-n'
ECHO_T=''
EVALUATION_FALSE=''
EVALUATION_TRUE='#'
EVENT_LOGGER_DEBUG_FALSE=''
EVENT_LOGGER_DEBUG_TRUE='#'
EXEEXT=''
INSTALL_DATA='${INSTALL} -m 644'
INSTALL_PROGRAM='${INSTALL}'
INSTALL_SCRIPT='${INSTALL}'
INSTALL_STRIP_PROGRAM='$(install_sh) -c -s'
KERNEL_INCL_PATH='foo'
LDFLAGS=''
LIBOBJS=''
LIBS=''
LTLIBOBJS=''
MAKEINFO='${SHELL} /home/be324619/3.0.4/drv_vinetic/missing --run makeinfo'
OBJEXT='o'
PACKAGE='drv_vinetic'
PACKAGE_BUGREPORT=''
PACKAGE_NAME='VINETIC Device Driver'
PACKAGE_STRING='VINETIC Device Driver 1.1.12'
PACKAGE_TARNAME='drv_vinetic'
PACKAGE_VERSION='1.1.12'
PATH_SEPARATOR=':'
SED='/usr/bin/sed'
SET_MAKE=''
SHELL='/bin/sh'
STRIP=''
TAPI_FALSE='#'
TAPI_TRUE=''
VERSION='1.1.12'
VINETIC_2CPE_FALSE='#'
VINETIC_2CPE_TRUE=''
WARNINGS_FALSE=''
WARNINGS_TRUE='#'
ac_ct_CC='gcc'
ac_ct_STRIP=''
am__fastdepCC_FALSE='#'
am__fastdepCC_TRUE=''
am__include='include'
am__leading_dot='.'
am__quote=''
am__tar='${AMTAR} chof - "$$tardir"'
am__untar='${AMTAR} xf -'
bindir='${exec_prefix}/bin'
build_alias=''
datadir='${prefix}/share'
exec_prefix='${prefix}'
host_alias=''
includedir='${prefix}/include'
infodir='${prefix}/info'
install_sh='$(SHELL) /home/be324619/3.0.4/drv_vinetic/install-sh'
libdir='${exec_prefix}/lib'
libexecdir='${exec_prefix}/libexec'
localstatedir='${prefix}/var'
mandir='${prefix}/man'
mkdir_p='mkdir -p --'
oldincludedir='/usr/include'
prefix='/usr/local'
program_transform_name='s,x,x,'
sbindir='${exec_prefix}/sbin'
sharedstatedir='${prefix}/com'
sysconfdir='${prefix}/etc'
target_alias=''

## ----------- ##
## confdefs.h. ##
## ----------- ##

#define ENABLE_USER_CONFIG 1
#define ENABLE_USER_CONFIG 1
#define PACKAGE "drv_vinetic"
#define PACKAGE_BUGREPORT ""
#define PACKAGE_NAME "VINETIC Device Driver"
#define PACKAGE_STRING "VINETIC Device Driver 1.1.12"
#define PACKAGE_TARNAME "drv_vinetic"
#define PACKAGE_VERSION "1.1.12"
#define TAPI 1
#define TAPI 1
#define TAPI 1
#define TAPI 1
#define TAPI_CID 1
#define TAPI_DTMF 1
#define TAPI_FAX_T38 1
#define TAPI_VOICE 1
#define VERSION "1.1.12"
#define VINETIC_MAX_DEVICES 1
#define VINETIC_USE_PROC 1
#define VIN_2CPE 1
#define VIN_ACCESS_MODE VIN_ACCESS_MODE_SPI
#define VIN_ACCESS_MODE_STR "16bit SPI"
#define VIN_ACCESS_WIDTH VIN_ACCESS_WIDTH_16
#define VIN_CONFIGURE_STR "'--enable-spi' '--enable-2cpe' '--enable-kernelincl=foo' '--with-access-mode=SPI'"
#define VIN_SPI 1
#define VIN_SPI 1
#define VIN_V14_SUPPORT 1
#define VIN_V21_SUPPORT 1

configure: exit 0
