This file contains any messages produced by compilers while
running configure, to aid debugging if configure makes a mistake.

It was created by VINETIC VINBOARD Board Driver configure 0.0.1, which was
generated by GNU Autoconf 2.59.  Invocation command line was

  $ ./configure --build=i686-pc-linux --host=mips-linux --enable-warnings --enable-kernelincl=/home/janssenr/siemens/fxo/1.5.31_release/source/user/ifx/drv_amazon-0.0.1/../../../kernel/opensource/linux_2_4_20/include --enable-incl-bin --enable-vineticincl=/home/janssenr/siemens/fxo/1.5.31_release/source/user/ifx/drv_amazon-0.0.1/../drv_vinetic-1.0.13/src

## --------- ##
## Platform. ##
## --------- ##

hostname = sae001c
uname -m = i686
uname -r = 2.4.20-8
uname -s = Linux
uname -v = #1 Thu Mar 13 17:18:24 EST 2003

/usr/bin/uname -p = unknown
/bin/uname -X     = unknown

/bin/arch              = i686
/usr/bin/arch -k       = unknown
/usr/convex/getsysinfo = unknown
hostinfo               = unknown
/bin/machine           = unknown
/usr/bin/oslevel       = unknown
/bin/universe          = unknown

PATH: /usr/local/bin
PATH: /bin
PATH: /usr/bin
PATH: /usr/X11R6/bin
PATH: /home/janssenr/bin


## ----------- ##
## Core tests. ##
## ----------- ##

configure:1314: checking for a BSD-compatible install
configure:1369: result: /usr/bin/install -c
configure:1380: checking whether build environment is sane
configure:1423: result: yes
configure:1488: checking for gawk
configure:1504: found /bin/gawk
configure:1514: result: gawk
configure:1524: checking whether make sets $(MAKE)
configure:1544: result: yes
configure:1620: checking for mips-linux-strip
configure:1649: result: no
configure:1658: checking for strip
configure:1674: found /usr/bin/strip
configure:1685: result: strip
configure:1791: result: Enable Warnings
configure:1818: checking for mips-linux-gcc
configure:1844: result: /opt/uclibc_mips-toolchain/gcc-3.3.x/toolchain_mips_local/toolchain_mips/bin/mips-linux-gcc
configure:2126: checking for C compiler version
configure:2129: /opt/uclibc_mips-toolchain/gcc-3.3.x/toolchain_mips_local/toolchain_mips/bin/mips-linux-gcc --version </dev/null >&5
mips-linux-gcc (GCC) 3.3.4
Copyright (C) 2003 Free Software Foundation, Inc.
This is free software; see the source for copying conditions.  There is NO
warranty; not even for MERCHANTABILITY or FITNESS FOR A PARTICULAR PURPOSE.

configure:2132: $? = 0
configure:2134: /opt/uclibc_mips-toolchain/gcc-3.3.x/toolchain_mips_local/toolchain_mips/bin/mips-linux-gcc -v </dev/null >&5
Reading specs from /opt/uclibc_mips-toolchain-2.0.5/gcc-3.3.x/toolchain_mips_local/toolchain_mips/bin/../lib/gcc-lib/mips-linux-uclibc/3.3.4/specs
Configured with: /opt/uclibc_mips-toolchain/gcc-3.3.x/toolchain_build_mips/gcc-3.3.4/configure --prefix=/opt/uclibc_mips-toolchain/gcc-3.3.x/toolchain_mips --build=i386-pc-linux-gnu --host=i386-pc-linux-gnu --target=mips-linux-uclibc --enable-languages=c,c++ --enable-shared --disable-__cxa_atexit --enable-target-optspace --with-gnu-ld --disable-nls --enable-multilib --enable-sjlj-exceptions : (reconfigured) /opt/uclibc_mips-toolchain/gcc-3.3.x/toolchain_build_mips/gcc-3.3.4/configure --prefix=/opt/uclibc_mips-toolchain/gcc-3.3.x/toolchain_mips --build=i386-pc-linux-gnu --host=i386-pc-linux-gnu --target=mips-linux-uclibc --enable-languages=c,c++ --enable-shared --disable-__cxa_atexit --enable-target-optspace --with-gnu-ld --disable-nls --enable-multilib --enable-sjlj-exceptions : (reconfigured) /opt/uclibc_mips-toolchain/gcc-3.3.x/toolchain_build_mips/gcc-3.3.4/configure --prefix=/opt/uclibc_mips-toolchain/gcc-3.3.x/toolchain_mips --build=i386-pc-linux-gnu --host=i386-pc-linux-gnu --target=mips-linux-uclibc --enable-languages=c,c++ --enable-shared --disable-__cxa_atexit --enable-target-optspace --with-gnu-ld --disable-nls --enable-multilib --enable-sjlj-exceptions
Thread model: posix
gcc version 3.3.4
configure:2137: $? = 0
configure:2139: /opt/uclibc_mips-toolchain/gcc-3.3.x/toolchain_mips_local/toolchain_mips/bin/mips-linux-gcc -V </dev/null >&5
mips-linux-gcc: `-V' option must have argument
configure:2142: $? = 1
configure:2165: checking for C compiler default output file name
configure:2168: /opt/uclibc_mips-toolchain/gcc-3.3.x/toolchain_mips_local/toolchain_mips/bin/mips-linux-gcc  -Wall -Wimplicit -Wreturn-type -Wunused -Wswitch -Wcomment -Wparentheses -Wpointer-arith   conftest.c  >&5
configure:2171: $? = 0
configure:2217: result: a.out
configure:2222: checking whether the C compiler works
configure:2248: result: yes
configure:2255: checking whether we are cross compiling
configure:2257: result: yes
configure:2260: checking for suffix of executables
configure:2262: /opt/uclibc_mips-toolchain/gcc-3.3.x/toolchain_mips_local/toolchain_mips/bin/mips-linux-gcc -o conftest  -Wall -Wimplicit -Wreturn-type -Wunused -Wswitch -Wcomment -Wparentheses -Wpointer-arith   conftest.c  >&5
configure:2265: $? = 0
configure:2290: result: 
configure:2296: checking for suffix of object files
configure:2317: /opt/uclibc_mips-toolchain/gcc-3.3.x/toolchain_mips_local/toolchain_mips/bin/mips-linux-gcc -c  -Wall -Wimplicit -Wreturn-type -Wunused -Wswitch -Wcomment -Wparentheses -Wpointer-arith  conftest.c >&5
configure:2320: $? = 0
configure:2342: result: o
configure:2346: checking whether we are using the GNU C compiler
configure:2370: /opt/uclibc_mips-toolchain/gcc-3.3.x/toolchain_mips_local/toolchain_mips/bin/mips-linux-gcc -c  -Wall -Wimplicit -Wreturn-type -Wunused -Wswitch -Wcomment -Wparentheses -Wpointer-arith  conftest.c >&5
configure:2376: $? = 0
configure:2380: test -z 
			 || test ! -s conftest.err
configure:2383: $? = 0
configure:2386: test -s conftest.o
configure:2389: $? = 0
configure:2402: result: yes
configure:2408: checking whether /opt/uclibc_mips-toolchain/gcc-3.3.x/toolchain_mips_local/toolchain_mips/bin/mips-linux-gcc accepts -g
configure:2429: /opt/uclibc_mips-toolchain/gcc-3.3.x/toolchain_mips_local/toolchain_mips/bin/mips-linux-gcc -c -g  conftest.c >&5
configure:2435: $? = 0
configure:2439: test -z 
			 || test ! -s conftest.err
configure:2442: $? = 0
configure:2445: test -s conftest.o
configure:2448: $? = 0
configure:2459: result: yes
configure:2476: checking for /opt/uclibc_mips-toolchain/gcc-3.3.x/toolchain_mips_local/toolchain_mips/bin/mips-linux-gcc option to accept ANSI C
configure:2546: /opt/uclibc_mips-toolchain/gcc-3.3.x/toolchain_mips_local/toolchain_mips/bin/mips-linux-gcc  -c  -Wall -Wimplicit -Wreturn-type -Wunused -Wswitch -Wcomment -Wparentheses -Wpointer-arith  conftest.c >&5
configure:2552: $? = 0
configure:2556: test -z 
			 || test ! -s conftest.err
configure:2559: $? = 0
configure:2562: test -s conftest.o
configure:2565: $? = 0
configure:2583: result: none needed
configure:2601: /opt/uclibc_mips-toolchain/gcc-3.3.x/toolchain_mips_local/toolchain_mips/bin/mips-linux-gcc -c  -Wall -Wimplicit -Wreturn-type -Wunused -Wswitch -Wcomment -Wparentheses -Wpointer-arith  conftest.c >&5
conftest.c:2: error: parse error before "me"
configure:2607: $? = 1
configure: failed program was:
| #ifndef __cplusplus
|   choke me
| #endif
configure:2751: checking for style of include used by make
configure:2779: result: GNU
configure:2807: checking dependency style of /opt/uclibc_mips-toolchain/gcc-3.3.x/toolchain_mips_local/toolchain_mips/bin/mips-linux-gcc
configure:2897: result: gcc3
configure:3088: creating ./config.status

## ---------------------- ##
## Running config.status. ##
## ---------------------- ##

This file was extended by VINETIC VINBOARD Board Driver config.status 0.0.1, which was
generated by GNU Autoconf 2.59.  Invocation command line was

  CONFIG_FILES    = 
  CONFIG_HEADERS  = 
  CONFIG_LINKS    = 
  CONFIG_COMMANDS = 
  $ ./config.status 

on sae001c

config.status:685: creating Makefile
config.status:685: creating src/Makefile
config.status:868: executing depfiles commands

## ---------------- ##
## Cache variables. ##
## ---------------- ##

ac_cv_c_compiler_gnu=yes
ac_cv_env_CC_set=set
ac_cv_env_CC_value=/opt/uclibc_mips-toolchain/gcc-3.3.x/toolchain_mips_local/toolchain_mips/bin/mips-linux-gcc
ac_cv_env_CFLAGS_set=
ac_cv_env_CFLAGS_value=
ac_cv_env_CPPFLAGS_set=
ac_cv_env_CPPFLAGS_value=
ac_cv_env_LDFLAGS_set=
ac_cv_env_LDFLAGS_value=
ac_cv_env_build_alias_set=set
ac_cv_env_build_alias_value=i686-pc-linux
ac_cv_env_host_alias_set=set
ac_cv_env_host_alias_value=mips-linux
ac_cv_env_target_alias_set=
ac_cv_env_target_alias_value=
ac_cv_exeext=
ac_cv_objext=o
ac_cv_path_install='/usr/bin/install -c'
ac_cv_prog_AWK=gawk
ac_cv_prog_CC=/opt/uclibc_mips-toolchain/gcc-3.3.x/toolchain_mips_local/toolchain_mips/bin/mips-linux-gcc
ac_cv_prog_ac_ct_STRIP=strip
ac_cv_prog_cc_g=yes
ac_cv_prog_cc_stdc=
ac_cv_prog_make_make_set=yes
am_cv_CC_dependencies_compiler_type=gcc3

## ----------------- ##
## Output variables. ##
## ----------------- ##

ACLOCAL='${SHELL} /home/janssenr/siemens/fxo/1.5.31_release/source/user/ifx/drv_amazon-0.0.1/missing --run aclocal-1.9'
AMDEPBACKSLASH='\'
AMDEP_FALSE='#'
AMDEP_TRUE=''
AMTAR='${SHELL} /home/janssenr/siemens/fxo/1.5.31_release/source/user/ifx/drv_amazon-0.0.1/missing --run tar'
AUTOCONF='${SHELL} /home/janssenr/siemens/fxo/1.5.31_release/source/user/ifx/drv_amazon-0.0.1/missing --run autoconf'
AUTOHEADER='${SHELL} /home/janssenr/siemens/fxo/1.5.31_release/source/user/ifx/drv_amazon-0.0.1/missing --run autoheader'
AUTOMAKE='${SHELL} /home/janssenr/siemens/fxo/1.5.31_release/source/user/ifx/drv_amazon-0.0.1/missing --run automake-1.9'
AWK='gawk'
CC='/opt/uclibc_mips-toolchain/gcc-3.3.x/toolchain_mips_local/toolchain_mips/bin/mips-linux-gcc'
CCDEPMODE='depmode=gcc3'
CFLAGS=' -Wall -Wimplicit -Wreturn-type -Wunused -Wswitch -Wcomment -Wparentheses -Wpointer-arith -fno-strict-aliasing -fno-common -fomit-frame-pointer -G 0 -mno-abicalls -fno-pic -pipe -mtune=r4600 -mips2 -Wa,--trap -mlong-calls -DMODVERSIONS -DEXPORT_SYMTAB'
CONFIGURE_OPTIONS=''--build=i686-pc-linux' '--host=mips-linux' '--enable-warnings' '--enable-kernelincl=/home/janssenr/siemens/fxo/1.5.31_release/source/user/ifx/drv_amazon-0.0.1/../../../kernel/opensource/linux_2_4_20/include' '--enable-incl-bin' '--enable-vineticincl=/home/janssenr/siemens/fxo/1.5.31_release/source/user/ifx/drv_amazon-0.0.1/../drv_vinetic-1.0.13/src' 'CC=/opt/uclibc_mips-toolchain/gcc-3.3.x/toolchain_mips_local/toolchain_mips/bin/mips-linux-gcc' 'build_alias=i686-pc-linux' 'host_alias=mips-linux''
CPPFLAGS=''
CYGPATH_W='echo'
DEBUG_FALSE=''
DEBUG_TRUE='#'
DEFS='-DPACKAGE_NAME=\"VINETIC\ VINBOARD\ Board\ Driver\" -DPACKAGE_TARNAME=\"drv_amazon\" -DPACKAGE_VERSION=\"0.0.1\" -DPACKAGE_STRING=\"VINETIC\ VINBOARD\ Board\ Driver\ 0.0.1\" -DPACKAGE_BUGREPORT=\"\" -DPACKAGE=\"drv_amazon\" -DVERSION=\"0.0.1\" '
DEPDIR='.deps'
ECHO_C=''
ECHO_N='-n'
ECHO_T=''
EXEEXT=''
INSTALL_DATA='${INSTALL} -m 644'
INSTALL_PROGRAM='${INSTALL}'
INSTALL_SCRIPT='${INSTALL}'
INSTALL_STRIP_PROGRAM='${SHELL} $(install_sh) -c -s'
KERNEL_INCL_PATH='/home/janssenr/siemens/fxo/1.5.31_release/source/user/ifx/drv_amazon-0.0.1/../../../kernel/opensource/linux_2_4_20/include'
LDFLAGS=''
LIBOBJS=''
LIBS=''
LTLIBOBJS=''
MAKEINFO='${SHELL} /home/janssenr/siemens/fxo/1.5.31_release/source/user/ifx/drv_amazon-0.0.1/missing --run makeinfo'
OBJEXT='o'
PACKAGE='drv_amazon'
PACKAGE_BUGREPORT=''
PACKAGE_NAME='VINETIC VINBOARD Board Driver'
PACKAGE_STRING='VINETIC VINBOARD Board Driver 0.0.1'
PACKAGE_TARNAME='drv_amazon'
PACKAGE_VERSION='0.0.1'
PATH_SEPARATOR=':'
SET_MAKE=''
SHELL='/bin/sh'
STRIP='strip'
VERSION='0.0.1'
VINETIC_INCL_PATH='/home/janssenr/siemens/fxo/1.5.31_release/source/user/ifx/drv_amazon-0.0.1/../drv_vinetic-1.0.13/src'
ac_ct_CC=''
ac_ct_STRIP='strip'
am__fastdepCC_FALSE='#'
am__fastdepCC_TRUE=''
am__include='include'
am__leading_dot='.'
am__quote=''
am__tar='${AMTAR} chof - "$$tardir"'
am__untar='${AMTAR} xf -'
bindir='${exec_prefix}/bin'
build_alias='i686-pc-linux'
datadir='${prefix}/share'
exec_prefix='${prefix}'
host_alias='mips-linux'
includedir='${prefix}/include'
infodir='${prefix}/info'
install_sh='/home/janssenr/siemens/fxo/1.5.31_release/source/user/ifx/drv_amazon-0.0.1/install-sh'
libdir='${exec_prefix}/lib'
libexecdir='${exec_prefix}/libexec'
localstatedir='${prefix}/var'
mandir='${prefix}/man'
mkdir_p='mkdir -p --'
oldincludedir='/usr/include'
prefix='/usr/local'
program_transform_name='s,x,x,'
sbindir='${exec_prefix}/sbin'
sharedstatedir='${prefix}/com'
sysconfdir='${prefix}/etc'
target_alias=''

## ----------- ##
## confdefs.h. ##
## ----------- ##

#define PACKAGE "drv_amazon"
#define PACKAGE_BUGREPORT ""
#define PACKAGE_NAME "VINETIC VINBOARD Board Driver"
#define PACKAGE_STRING "VINETIC VINBOARD Board Driver 0.0.1"
#define PACKAGE_TARNAME "drv_amazon"
#define PACKAGE_VERSION "0.0.1"
#define VERSION "0.0.1"

configure: exit 0

## ---------------------- ##
## Running config.status. ##
## ---------------------- ##

This file was extended by VINETIC VINBOARD Board Driver config.status 0.0.1, which was
generated by GNU Autoconf 2.59.  Invocation command line was

  CONFIG_FILES    = 
  CONFIG_HEADERS  = 
  CONFIG_LINKS    = 
  CONFIG_COMMANDS = 
  $ ./config.status 

on blramz02

config.status:685: creating Makefile
config.status:685: creating src/Makefile
config.status:868: executing depfiles commands
