This file contains any messages produced by compilers while
running configure, to aid debugging if configure makes a mistake.

It was created by duslic configure 0.0.1, which was
generated by GNU Autoconf 2.59.  Invocation command line was

  $ ./configure --host=mips-linux --enable-kernelincl=/home/jainn/3.0.4/source/user/ifx/drv_duslic/../../../kernel/opensource/linux_2_4_20/include --enable-vineticincl=/home/jainn/3.0.4/source/user/ifx/drv_duslic/../drv_vinetic/src --enable-boardname=AMAZON

## --------- ##
## Platform. ##
## --------- ##

hostname = blramz01
uname -m = i686
uname -r = 2.4.20-8
uname -s = Linux
uname -v = #1 Thu Mar 13 17:54:28 EST 2003

/usr/bin/uname -p = unknown
/bin/uname -X     = unknown

/bin/arch              = i686
/usr/bin/arch -k       = unknown
/usr/convex/getsysinfo = unknown
hostinfo               = unknown
/bin/machine           = unknown
/usr/bin/oslevel       = unknown
/bin/universe          = unknown

PATH: /opt/uclibc_mips-toolchain/gcc-3.3.x/toolchain_mips/bin/
PATH: /home/jainn/3.0.4/tools/build_tools/
PATH: /usr/kerberos/sbin
PATH: /usr/kerberos/bin
PATH: /usr/local/sbin
PATH: /usr/local/bin
PATH: /sbin
PATH: /bin
PATH: /usr/sbin
PATH: /usr/bin
PATH: /usr/X11R6/bin
PATH: /opt/montavista/pro/devkit/mips/fp_be/bin/
PATH: /root/uclibc-tool/toolchain/gcc-3.3.x/toolchain_mips/bin/
PATH: /usr/atria/bin
PATH: /root/bin


## ----------- ##
## Core tests. ##
## ----------- ##

configure:1356: checking for a BSD-compatible install
configure:1411: result: /usr/bin/install -c
configure:1422: checking whether build environment is sane
configure:1465: result: yes
configure:1530: checking for gawk
configure:1546: found /bin/gawk
configure:1556: result: gawk
configure:1566: checking whether make sets $(MAKE)
configure:1586: result: yes
configure:1662: checking for mips-linux-strip
configure:1678: found /opt/uclibc_mips-toolchain/gcc-3.3.x/toolchain_mips/bin//mips-linux-strip
configure:1688: result: mips-linux-strip
configure:1763: checking for mips-linux-gcc
configure:1779: found /opt/uclibc_mips-toolchain/gcc-3.3.x/toolchain_mips/bin//mips-linux-gcc
configure:1789: result: mips-linux-gcc
configure:2071: checking for C compiler version
configure:2074: mips-linux-gcc --version </dev/null >&5
mips-linux-gcc (GCC) 3.3.4
Copyright (C) 2003 Free Software Foundation, Inc.
This is free software; see the source for copying conditions.  There is NO
warranty; not even for MERCHANTABILITY or FITNESS FOR A PARTICULAR PURPOSE.

configure:2077: $? = 0
configure:2079: mips-linux-gcc -v </dev/null >&5
Reading specs from /opt/uclibc_mips-toolchain_3.0.0/gcc-3.3.x/toolchain_mips/bin-ccache/../lib/gcc-lib/mips-linux-uclibc/3.3.4/specs
Configured with: /opt/uclibc_mips-toolchain/gcc-3.3.x/toolchain_build_mips/gcc-3.3.4/configure --prefix=/opt/uclibc_mips-toolchain/gcc-3.3.x/toolchain_mips --build=i386-pc-linux-gnu --host=i386-pc-linux-gnu --target=mips-linux-uclibc --enable-languages=c,c++ --enable-shared --disable-__cxa_atexit --enable-target-optspace --with-gnu-ld --disable-nls --enable-multilib
Thread model: posix
gcc version 3.3.4
configure:2082: $? = 0
configure:2084: mips-linux-gcc -V </dev/null >&5
mips-linux-gcc: `-V' option must have argument
configure:2087: $? = 1
configure:2110: checking for C compiler default output file name
configure:2113: mips-linux-gcc    conftest.c  >&5
configure:2116: $? = 0
configure:2162: result: a.out
configure:2167: checking whether the C compiler works
configure:2173: ./a.out
./configure: line 1: ./a.out: cannot execute binary file
configure:2176: $? = 126
configure:2193: result: yes
configure:2200: checking whether we are cross compiling
configure:2202: result: yes
configure:2205: checking for suffix of executables
configure:2207: mips-linux-gcc -o conftest    conftest.c  >&5
configure:2210: $? = 0
configure:2235: result: 
configure:2241: checking for suffix of object files
configure:2262: mips-linux-gcc -c   conftest.c >&5
configure:2265: $? = 0
configure:2287: result: o
configure:2291: checking whether we are using the GNU C compiler
configure:2315: mips-linux-gcc -c   conftest.c >&5
configure:2321: $? = 0
configure:2325: test -z 
			 || test ! -s conftest.err
configure:2328: $? = 0
configure:2331: test -s conftest.o
configure:2334: $? = 0
configure:2347: result: yes
configure:2353: checking whether mips-linux-gcc accepts -g
configure:2374: mips-linux-gcc -c -g  conftest.c >&5
configure:2380: $? = 0
configure:2384: test -z 
			 || test ! -s conftest.err
configure:2387: $? = 0
configure:2390: test -s conftest.o
configure:2393: $? = 0
configure:2404: result: yes
configure:2421: checking for mips-linux-gcc option to accept ANSI C
configure:2491: mips-linux-gcc  -c -g -O2  conftest.c >&5
configure:2497: $? = 0
configure:2501: test -z 
			 || test ! -s conftest.err
configure:2504: $? = 0
configure:2507: test -s conftest.o
configure:2510: $? = 0
configure:2528: result: none needed
configure:2546: mips-linux-gcc -c -g -O2  conftest.c >&5
conftest.c:2: error: parse error before "me"
configure:2552: $? = 1
configure: failed program was:
| #ifndef __cplusplus
|   choke me
| #endif
configure:2696: checking for style of include used by make
configure:2724: result: GNU
configure:2752: checking dependency style of mips-linux-gcc
configure:2842: result: gcc3
configure:2872: checking for a BSD-compatible install
configure:2927: result: /usr/bin/install -c
configure:2944: checking how to run the C preprocessor
configure:2979: mips-linux-gcc -E  conftest.c
configure:2985: $? = 0
configure:3017: mips-linux-gcc -E  conftest.c
conftest.c:11:28: ac_nonexistent.h: No such file or directory
configure:3023: $? = 1
configure: failed program was:
| /* confdefs.h.  */
| 
| #define PACKAGE_NAME "duslic"
| #define PACKAGE_TARNAME "duslic"
| #define PACKAGE_VERSION "0.0.1"
| #define PACKAGE_STRING "duslic 0.0.1"
| #define PACKAGE_BUGREPORT "Wu Qi Ming Qi-Ming.Wu@infineon.com"
| #define PACKAGE "duslic"
| #define VERSION "0.0.1"
| /* end confdefs.h.  */
| #include <ac_nonexistent.h>
configure:3062: result: mips-linux-gcc -E
configure:3086: mips-linux-gcc -E  conftest.c
configure:3092: $? = 0
configure:3124: mips-linux-gcc -E  conftest.c
conftest.c:11:28: ac_nonexistent.h: No such file or directory
configure:3130: $? = 1
configure: failed program was:
| /* confdefs.h.  */
| 
| #define PACKAGE_NAME "duslic"
| #define PACKAGE_TARNAME "duslic"
| #define PACKAGE_VERSION "0.0.1"
| #define PACKAGE_STRING "duslic 0.0.1"
| #define PACKAGE_BUGREPORT "Wu Qi Ming Qi-Ming.Wu@infineon.com"
| #define PACKAGE "duslic"
| #define VERSION "0.0.1"
| /* end confdefs.h.  */
| #include <ac_nonexistent.h>
configure:3174: checking for egrep
configure:3184: result: grep -E
configure:3190: checking for AIX
configure:3212: result: no
configure:3218: checking for library containing strerror
configure:3248: mips-linux-gcc -o conftest -g -O2   conftest.c  >&5
configure:3254: $? = 0
configure:3258: test -z 
			 || test ! -s conftest.err
configure:3261: $? = 0
configure:3264: test -s conftest
configure:3267: $? = 0
configure:3337: result: none required
configure:3344: checking for ANSI C header files
configure:3369: mips-linux-gcc -c -g -O2  conftest.c >&5
configure:3375: $? = 0
configure:3379: test -z 
			 || test ! -s conftest.err
configure:3382: $? = 0
configure:3385: test -s conftest.o
configure:3388: $? = 0
configure:3497: result: yes
configure:3521: checking for sys/types.h
configure:3537: mips-linux-gcc -c -g -O2  conftest.c >&5
configure:3543: $? = 0
configure:3547: test -z 
			 || test ! -s conftest.err
configure:3550: $? = 0
configure:3553: test -s conftest.o
configure:3556: $? = 0
configure:3567: result: yes
configure:3521: checking for sys/stat.h
configure:3537: mips-linux-gcc -c -g -O2  conftest.c >&5
configure:3543: $? = 0
configure:3547: test -z 
			 || test ! -s conftest.err
configure:3550: $? = 0
configure:3553: test -s conftest.o
configure:3556: $? = 0
configure:3567: result: yes
configure:3521: checking for stdlib.h
configure:3537: mips-linux-gcc -c -g -O2  conftest.c >&5
configure:3543: $? = 0
configure:3547: test -z 
			 || test ! -s conftest.err
configure:3550: $? = 0
configure:3553: test -s conftest.o
configure:3556: $? = 0
configure:3567: result: yes
configure:3521: checking for string.h
configure:3537: mips-linux-gcc -c -g -O2  conftest.c >&5
configure:3543: $? = 0
configure:3547: test -z 
			 || test ! -s conftest.err
configure:3550: $? = 0
configure:3553: test -s conftest.o
configure:3556: $? = 0
configure:3567: result: yes
configure:3521: checking for memory.h
configure:3537: mips-linux-gcc -c -g -O2  conftest.c >&5
configure:3543: $? = 0
configure:3547: test -z 
			 || test ! -s conftest.err
configure:3550: $? = 0
configure:3553: test -s conftest.o
configure:3556: $? = 0
configure:3567: result: yes
configure:3521: checking for strings.h
configure:3537: mips-linux-gcc -c -g -O2  conftest.c >&5
configure:3543: $? = 0
configure:3547: test -z 
			 || test ! -s conftest.err
configure:3550: $? = 0
configure:3553: test -s conftest.o
configure:3556: $? = 0
configure:3567: result: yes
configure:3521: checking for inttypes.h
configure:3537: mips-linux-gcc -c -g -O2  conftest.c >&5
configure:3543: $? = 0
configure:3547: test -z 
			 || test ! -s conftest.err
configure:3550: $? = 0
configure:3553: test -s conftest.o
configure:3556: $? = 0
configure:3567: result: yes
configure:3521: checking for stdint.h
configure:3537: mips-linux-gcc -c -g -O2  conftest.c >&5
configure:3543: $? = 0
configure:3547: test -z 
			 || test ! -s conftest.err
configure:3550: $? = 0
configure:3553: test -s conftest.o
configure:3556: $? = 0
configure:3567: result: yes
configure:3521: checking for unistd.h
configure:3537: mips-linux-gcc -c -g -O2  conftest.c >&5
configure:3543: $? = 0
configure:3547: test -z 
			 || test ! -s conftest.err
configure:3550: $? = 0
configure:3553: test -s conftest.o
configure:3556: $? = 0
configure:3567: result: yes
configure:3589: checking minix/config.h usability
configure:3601: mips-linux-gcc -c -g -O2  conftest.c >&5
conftest.c:55:26: minix/config.h: No such file or directory
configure:3607: $? = 1
configure: failed program was:
| /* confdefs.h.  */
| 
| #define PACKAGE_NAME "duslic"
| #define PACKAGE_TARNAME "duslic"
| #define PACKAGE_VERSION "0.0.1"
| #define PACKAGE_STRING "duslic 0.0.1"
| #define PACKAGE_BUGREPORT "Wu Qi Ming Qi-Ming.Wu@infineon.com"
| #define PACKAGE "duslic"
| #define VERSION "0.0.1"
| #define STDC_HEADERS 1
| #define HAVE_SYS_TYPES_H 1
| #define HAVE_SYS_STAT_H 1
| #define HAVE_STDLIB_H 1
| #define HAVE_STRING_H 1
| #define HAVE_MEMORY_H 1
| #define HAVE_STRINGS_H 1
| #define HAVE_INTTYPES_H 1
| #define HAVE_STDINT_H 1
| #define HAVE_UNISTD_H 1
| /* end confdefs.h.  */
| #include <stdio.h>
| #if HAVE_SYS_TYPES_H
| # include <sys/types.h>
| #endif
| #if HAVE_SYS_STAT_H
| # include <sys/stat.h>
| #endif
| #if STDC_HEADERS
| # include <stdlib.h>
| # include <stddef.h>
| #else
| # if HAVE_STDLIB_H
| #  include <stdlib.h>
| # endif
| #endif
| #if HAVE_STRING_H
| # if !STDC_HEADERS && HAVE_MEMORY_H
| #  include <memory.h>
| # endif
| # include <string.h>
| #endif
| #if HAVE_STRINGS_H
| # include <strings.h>
| #endif
| #if HAVE_INTTYPES_H
| # include <inttypes.h>
| #else
| # if HAVE_STDINT_H
| #  include <stdint.h>
| # endif
| #endif
| #if HAVE_UNISTD_H
| # include <unistd.h>
| #endif
| #include <minix/config.h>
configure:3630: result: no
configure:3634: checking minix/config.h presence
configure:3644: mips-linux-gcc -E  conftest.c
conftest.c:21:26: minix/config.h: No such file or directory
configure:3650: $? = 1
configure: failed program was:
| /* confdefs.h.  */
| 
| #define PACKAGE_NAME "duslic"
| #define PACKAGE_TARNAME "duslic"
| #define PACKAGE_VERSION "0.0.1"
| #define PACKAGE_STRING "duslic 0.0.1"
| #define PACKAGE_BUGREPORT "Wu Qi Ming Qi-Ming.Wu@infineon.com"
| #define PACKAGE "duslic"
| #define VERSION "0.0.1"
| #define STDC_HEADERS 1
| #define HAVE_SYS_TYPES_H 1
| #define HAVE_SYS_STAT_H 1
| #define HAVE_STDLIB_H 1
| #define HAVE_STRING_H 1
| #define HAVE_MEMORY_H 1
| #define HAVE_STRINGS_H 1
| #define HAVE_INTTYPES_H 1
| #define HAVE_STDINT_H 1
| #define HAVE_UNISTD_H 1
| /* end confdefs.h.  */
| #include <minix/config.h>
configure:3670: result: no
configure:3705: checking for minix/config.h
configure:3712: result: no
configure:3741: checking for ANSI C header files
configure:3894: result: yes
configure:3907: checking for mips-linux-ranlib
configure:3923: found /opt/uclibc_mips-toolchain/gcc-3.3.x/toolchain_mips/bin//mips-linux-ranlib
configure:3933: result: mips-linux-ranlib
configure:4209: creating ./config.status

## ---------------------- ##
## Running config.status. ##
## ---------------------- ##

This file was extended by duslic config.status 0.0.1, which was
generated by GNU Autoconf 2.59.  Invocation command line was

  CONFIG_FILES    = 
  CONFIG_HEADERS  = 
  CONFIG_LINKS    = 
  CONFIG_COMMANDS = 
  $ ./config.status 

on blramz01

config.status:703: creating Makefile
config.status:703: creating README
config.status:703: creating doc/Makefile
config.status:703: creating m4/Makefile
config.status:703: creating src/Makefile
config.status:703: creating test/Makefile
config.status:807: creating config.h
config.status:915: config.h is unchanged
config.status:1095: executing depfiles commands

## ---------------- ##
## Cache variables. ##
## ---------------- ##

ac_cv_c_compiler_gnu=yes
ac_cv_env_CC_set=
ac_cv_env_CC_value=
ac_cv_env_CFLAGS_set=
ac_cv_env_CFLAGS_value=
ac_cv_env_CPPFLAGS_set=
ac_cv_env_CPPFLAGS_value=
ac_cv_env_CPP_set=
ac_cv_env_CPP_value=
ac_cv_env_LDFLAGS_set=
ac_cv_env_LDFLAGS_value=
ac_cv_env_build_alias_set=
ac_cv_env_build_alias_value=
ac_cv_env_host_alias_set=set
ac_cv_env_host_alias_value=mips-linux
ac_cv_env_target_alias_set=
ac_cv_env_target_alias_value=
ac_cv_exeext=
ac_cv_header_inttypes_h=yes
ac_cv_header_memory_h=yes
ac_cv_header_minix_config_h=no
ac_cv_header_stdc=yes
ac_cv_header_stdint_h=yes
ac_cv_header_stdlib_h=yes
ac_cv_header_string_h=yes
ac_cv_header_strings_h=yes
ac_cv_header_sys_stat_h=yes
ac_cv_header_sys_types_h=yes
ac_cv_header_unistd_h=yes
ac_cv_objext=o
ac_cv_path_install='/usr/bin/install -c'
ac_cv_prog_AWK=gawk
ac_cv_prog_CC=mips-linux-gcc
ac_cv_prog_CPP='mips-linux-gcc -E'
ac_cv_prog_RANLIB=mips-linux-ranlib
ac_cv_prog_STRIP=mips-linux-strip
ac_cv_prog_cc_g=yes
ac_cv_prog_cc_stdc=
ac_cv_prog_egrep='grep -E'
ac_cv_prog_make_make_set=yes
ac_cv_search_strerror='none required'
am_cv_CC_dependencies_compiler_type=gcc3

## ----------------- ##
## Output variables. ##
## ----------------- ##

ACLOCAL='${SHELL} /home/jainn/3.0.4/source/user/ifx/drv_duslic/config/missing --run aclocal-1.9'
AMAZON_FALSE='#'
AMAZON_TRUE=''
AMDEPBACKSLASH='\'
AMDEP_FALSE='#'
AMDEP_TRUE=''
AMTAR='${SHELL} /home/jainn/3.0.4/source/user/ifx/drv_duslic/config/missing --run tar'
AUTOCONF='${SHELL} /home/jainn/3.0.4/source/user/ifx/drv_duslic/config/missing --run autoconf'
AUTOHEADER='${SHELL} /home/jainn/3.0.4/source/user/ifx/drv_duslic/config/missing --run autoheader'
AUTOMAKE='${SHELL} /home/jainn/3.0.4/source/user/ifx/drv_duslic/config/missing --run automake-1.9'
AWK='gawk'
BOARD_NAME='AMAZON'
CC='mips-linux-gcc'
CCDEPMODE='depmode=gcc3'
CFLAGS=''
CPP='mips-linux-gcc -E'
CPPFLAGS=''
CYGPATH_W='echo'
DEFS='-DHAVE_CONFIG_H'
DEPDIR='.deps'
ECHO_C=''
ECHO_N='-n'
ECHO_T=''
EGREP='grep -E'
EXEEXT=''
INSTALL_DATA='${INSTALL} -m 644'
INSTALL_PROGRAM='${INSTALL}'
INSTALL_SCRIPT='${INSTALL}'
INSTALL_STRIP_PROGRAM='${SHELL} $(install_sh) -c -s'
KERNEL_INCL_PATH='/home/jainn/3.0.4/source/user/ifx/drv_duslic/../../../kernel/opensource/linux_2_4_20/include'
LDFLAGS=''
LIBOBJS=''
LIBS=''
LTLIBOBJS=''
MAKEINFO='${SHELL} /home/jainn/3.0.4/source/user/ifx/drv_duslic/config/missing --run makeinfo'
MIPS_FALSE='#'
MIPS_TRUE=''
OBJEXT='o'
PACKAGE='duslic'
PACKAGE_BUGREPORT='Wu Qi Ming Qi-Ming.Wu@infineon.com'
PACKAGE_NAME='duslic'
PACKAGE_STRING='duslic 0.0.1'
PACKAGE_TARNAME='duslic'
PACKAGE_VERSION='0.0.1'
PATH_SEPARATOR=':'
RANLIB='mips-linux-ranlib'
SET_MAKE=''
SHELL='/bin/sh'
STRIP='mips-linux-strip'
VERSION='0.0.1'
VINETIC_INCL_PATH='/home/jainn/3.0.4/source/user/ifx/drv_duslic/../drv_vinetic/src'
ac_ct_CC=''
ac_ct_RANLIB=''
ac_ct_STRIP=''
am__fastdepCC_FALSE='#'
am__fastdepCC_TRUE=''
am__include='include'
am__leading_dot='.'
am__quote=''
am__tar='${AMTAR} chof - "$$tardir"'
am__untar='${AMTAR} xf -'
bindir='${exec_prefix}/bin'
build_alias=''
datadir='${prefix}/share'
exec_prefix='${prefix}'
host_alias='mips-linux'
includedir='${prefix}/include'
infodir='${prefix}/info'
install_sh='/home/jainn/3.0.4/source/user/ifx/drv_duslic/config/install-sh'
libdir='${exec_prefix}/lib'
libexecdir='${exec_prefix}/libexec'
localstatedir='${prefix}/var'
mandir='${prefix}/man'
mkdir_p='mkdir -p --'
oldincludedir='/usr/include'
prefix='/usr/local'
program_transform_name='s,x,x,'
sbindir='${exec_prefix}/sbin'
sharedstatedir='${prefix}/com'
sysconfdir='${prefix}/etc'
target_alias=''

## ----------- ##
## confdefs.h. ##
## ----------- ##

#define HAVE_INTTYPES_H 1
#define HAVE_MEMORY_H 1
#define HAVE_STDINT_H 1
#define HAVE_STDLIB_H 1
#define HAVE_STRINGS_H 1
#define HAVE_STRING_H 1
#define HAVE_SYS_STAT_H 1
#define HAVE_SYS_TYPES_H 1
#define HAVE_UNISTD_H 1
#define PACKAGE "duslic"
#define PACKAGE_BUGREPORT "Wu Qi Ming Qi-Ming.Wu@infineon.com"
#define PACKAGE_NAME "duslic"
#define PACKAGE_STRING "duslic 0.0.1"
#define PACKAGE_TARNAME "duslic"
#define PACKAGE_VERSION "0.0.1"
#define STDC_HEADERS 1
#define STDC_HEADERS 1
#define VERSION "0.0.1"

configure: exit 0
