This file contains any messages produced by compilers while
running configure, to aid debugging if configure makes a mistake.

It was created by VINETIC VINBOARD Board Driver configure 0.0.1, which was
generated by GNU Autoconf 2.59.  Invocation command line was

  $ ./configure --build=i686-pc-linux --host=mips-linux --enable-warnings --enable-kernelincl=/home/jainn/3.0.4/source/user/ifx/drv_amazon/../../../../source/kernel/opensource/linux_2_4_20/include --enable-incl-bin --enable-vineticincl=/home/jainn/3.0.4/source/user/ifx/drv_amazon/../drv_vinetic/src

## --------- ##
## Platform. ##
## --------- ##

hostname = blramz01
uname -m = i686
uname -r = 2.4.20-8
uname -s = Linux
uname -v = #1 Thu Mar 13 17:54:28 EST 2003

/usr/bin/uname -p = unknown
/bin/uname -X     = unknown

/bin/arch              = i686
/usr/bin/arch -k       = unknown
/usr/convex/getsysinfo = unknown
hostinfo               = unknown
/bin/machine           = unknown
/usr/bin/oslevel       = unknown
/bin/universe          = unknown

PATH: /opt/uclibc_mips-toolchain/gcc-3.3.x/toolchain_mips/bin/
PATH: /home/jainn/3.0.4/tools/build_tools/
PATH: /usr/kerberos/sbin
PATH: /usr/kerberos/bin
PATH: /usr/local/sbin
PATH: /usr/local/bin
PATH: /sbin
PATH: /bin
PATH: /usr/sbin
PATH: /usr/bin
PATH: /usr/X11R6/bin
PATH: /opt/montavista/pro/devkit/mips/fp_be/bin/
PATH: /root/uclibc-tool/toolchain/gcc-3.3.x/toolchain_mips/bin/
PATH: /usr/atria/bin
PATH: /root/bin


## ----------- ##
## Core tests. ##
## ----------- ##

configure:1315: checking for a BSD-compatible install
configure:1370: result: /usr/bin/install -c
configure:1381: checking whether build environment is sane
configure:1424: result: yes
configure:1489: checking for gawk
configure:1505: found /bin/gawk
configure:1515: result: gawk
configure:1525: checking whether make sets $(MAKE)
configure:1545: result: yes
configure:1621: checking for mips-linux-strip
configure:1637: found /opt/uclibc_mips-toolchain/gcc-3.3.x/toolchain_mips/bin//mips-linux-strip
configure:1647: result: mips-linux-strip
configure:1792: result: Enable Warnings
configure:1850: checking for mips-linux-gcc
configure:1866: found /opt/uclibc_mips-toolchain/gcc-3.3.x/toolchain_mips/bin//mips-linux-gcc
configure:1876: result: mips-linux-gcc
configure:2158: checking for C compiler version
configure:2161: mips-linux-gcc --version </dev/null >&5
mips-linux-gcc (GCC) 3.3.4
Copyright (C) 2003 Free Software Foundation, Inc.
This is free software; see the source for copying conditions.  There is NO
warranty; not even for MERCHANTABILITY or FITNESS FOR A PARTICULAR PURPOSE.

configure:2164: $? = 0
configure:2166: mips-linux-gcc -v </dev/null >&5
Reading specs from /opt/uclibc_mips-toolchain_3.0.0/gcc-3.3.x/toolchain_mips/bin-ccache/../lib/gcc-lib/mips-linux-uclibc/3.3.4/specs
Configured with: /opt/uclibc_mips-toolchain/gcc-3.3.x/toolchain_build_mips/gcc-3.3.4/configure --prefix=/opt/uclibc_mips-toolchain/gcc-3.3.x/toolchain_mips --build=i386-pc-linux-gnu --host=i386-pc-linux-gnu --target=mips-linux-uclibc --enable-languages=c,c++ --enable-shared --disable-__cxa_atexit --enable-target-optspace --with-gnu-ld --disable-nls --enable-multilib
Thread model: posix
gcc version 3.3.4
configure:2169: $? = 0
configure:2171: mips-linux-gcc -V </dev/null >&5
mips-linux-gcc: `-V' option must have argument
configure:2174: $? = 1
configure:2197: checking for C compiler default output file name
configure:2200: mips-linux-gcc  -Wall -Wimplicit -Wreturn-type -Wunused -Wswitch -Wcomment -Wparentheses -Wpointer-arith   conftest.c  >&5
configure:2203: $? = 0
configure:2249: result: a.out
configure:2254: checking whether the C compiler works
configure:2280: result: yes
configure:2287: checking whether we are cross compiling
configure:2289: result: yes
configure:2292: checking for suffix of executables
configure:2294: mips-linux-gcc -o conftest  -Wall -Wimplicit -Wreturn-type -Wunused -Wswitch -Wcomment -Wparentheses -Wpointer-arith   conftest.c  >&5
configure:2297: $? = 0
configure:2322: result: 
configure:2328: checking for suffix of object files
configure:2349: mips-linux-gcc -c  -Wall -Wimplicit -Wreturn-type -Wunused -Wswitch -Wcomment -Wparentheses -Wpointer-arith  conftest.c >&5
configure:2352: $? = 0
configure:2374: result: o
configure:2378: checking whether we are using the GNU C compiler
configure:2402: mips-linux-gcc -c  -Wall -Wimplicit -Wreturn-type -Wunused -Wswitch -Wcomment -Wparentheses -Wpointer-arith  conftest.c >&5
configure:2408: $? = 0
configure:2412: test -z 
			 || test ! -s conftest.err
configure:2415: $? = 0
configure:2418: test -s conftest.o
configure:2421: $? = 0
configure:2434: result: yes
configure:2440: checking whether mips-linux-gcc accepts -g
configure:2461: mips-linux-gcc -c -g  conftest.c >&5
configure:2467: $? = 0
configure:2471: test -z 
			 || test ! -s conftest.err
configure:2474: $? = 0
configure:2477: test -s conftest.o
configure:2480: $? = 0
configure:2491: result: yes
configure:2508: checking for mips-linux-gcc option to accept ANSI C
configure:2578: mips-linux-gcc  -c  -Wall -Wimplicit -Wreturn-type -Wunused -Wswitch -Wcomment -Wparentheses -Wpointer-arith  conftest.c >&5
configure:2584: $? = 0
configure:2588: test -z 
			 || test ! -s conftest.err
configure:2591: $? = 0
configure:2594: test -s conftest.o
configure:2597: $? = 0
configure:2615: result: none needed
configure:2633: mips-linux-gcc -c  -Wall -Wimplicit -Wreturn-type -Wunused -Wswitch -Wcomment -Wparentheses -Wpointer-arith  conftest.c >&5
conftest.c:2: error: parse error before "me"
configure:2639: $? = 1
configure: failed program was:
| #ifndef __cplusplus
|   choke me
| #endif
configure:2783: checking for style of include used by make
configure:2811: result: GNU
configure:2839: checking dependency style of mips-linux-gcc
configure:2929: result: gcc3
configure:3134: creating ./config.status

## ---------------------- ##
## Running config.status. ##
## ---------------------- ##

This file was extended by VINETIC VINBOARD Board Driver config.status 0.0.1, which was
generated by GNU Autoconf 2.59.  Invocation command line was

  CONFIG_FILES    = 
  CONFIG_HEADERS  = 
  CONFIG_LINKS    = 
  CONFIG_COMMANDS = 
  $ ./config.status 

on blramz01

config.status:687: creating Makefile
config.status:687: creating src/Makefile
config.status:870: executing depfiles commands

## ---------------- ##
## Cache variables. ##
## ---------------- ##

ac_cv_c_compiler_gnu=yes
ac_cv_env_CC_set=
ac_cv_env_CC_value=
ac_cv_env_CFLAGS_set=
ac_cv_env_CFLAGS_value=
ac_cv_env_CPPFLAGS_set=
ac_cv_env_CPPFLAGS_value=
ac_cv_env_LDFLAGS_set=
ac_cv_env_LDFLAGS_value=
ac_cv_env_build_alias_set=set
ac_cv_env_build_alias_value=i686-pc-linux
ac_cv_env_host_alias_set=set
ac_cv_env_host_alias_value=mips-linux
ac_cv_env_target_alias_set=
ac_cv_env_target_alias_value=
ac_cv_exeext=
ac_cv_objext=o
ac_cv_path_install='/usr/bin/install -c'
ac_cv_prog_AWK=gawk
ac_cv_prog_CC=mips-linux-gcc
ac_cv_prog_STRIP=mips-linux-strip
ac_cv_prog_cc_g=yes
ac_cv_prog_cc_stdc=
ac_cv_prog_make_make_set=yes
am_cv_CC_dependencies_compiler_type=gcc3

## ----------------- ##
## Output variables. ##
## ----------------- ##

ACLOCAL='${SHELL} /home/jainn/3.0.4/source/user/ifx/drv_amazon/missing --run aclocal-1.9'
AMDEPBACKSLASH='\'
AMDEP_FALSE='#'
AMDEP_TRUE=''
AMTAR='${SHELL} /home/jainn/3.0.4/source/user/ifx/drv_amazon/missing --run tar'
AUTOCONF='${SHELL} /home/jainn/3.0.4/source/user/ifx/drv_amazon/missing --run autoconf'
AUTOHEADER='${SHELL} /home/jainn/3.0.4/source/user/ifx/drv_amazon/missing --run autoheader'
AUTOMAKE='${SHELL} /home/jainn/3.0.4/source/user/ifx/drv_amazon/missing --run automake-1.9'
AWK='gawk'
CC='mips-linux-gcc'
CCDEPMODE='depmode=gcc3'
CFLAGS=' -Wall -Wimplicit -Wreturn-type -Wunused -Wswitch -Wcomment -Wparentheses -Wpointer-arith -fno-strict-aliasing -fno-common -fomit-frame-pointer -G 0 -mno-abicalls -fno-pic -pipe -mtune=r4600 -mips2 -Wa,--trap -mlong-calls -DMODVERSIONS -DEXPORT_SYMTAB'
CONFIGURE_OPTIONS=''--build=i686-pc-linux' '--host=mips-linux' '--enable-warnings' '--enable-kernelincl=/home/jainn/3.0.4/source/user/ifx/drv_amazon/../../../../source/kernel/opensource/linux_2_4_20/include' '--enable-incl-bin' '--enable-vineticincl=/home/jainn/3.0.4/source/user/ifx/drv_amazon/../drv_vinetic/src' 'build_alias=i686-pc-linux' 'host_alias=mips-linux''
CPPFLAGS=''
CYGPATH_W='echo'
DEBUG_FALSE=''
DEBUG_TRUE='#'
DEFS='-DPACKAGE_NAME=\"VINETIC\ VINBOARD\ Board\ Driver\" -DPACKAGE_TARNAME=\"drv_amazon\" -DPACKAGE_VERSION=\"0.0.1\" -DPACKAGE_STRING=\"VINETIC\ VINBOARD\ Board\ Driver\ 0.0.1\" -DPACKAGE_BUGREPORT=\"\" -DPACKAGE=\"drv_amazon\" -DVERSION=\"0.0.1\" '
DEPDIR='.deps'
ECHO_C=''
ECHO_N='-n'
ECHO_T=''
EXEEXT=''
INSTALL_DATA='${INSTALL} -m 644'
INSTALL_PROGRAM='${INSTALL}'
INSTALL_SCRIPT='${INSTALL}'
INSTALL_STRIP_PROGRAM='${SHELL} $(install_sh) -c -s'
KERNEL_INCL_PATH='/home/jainn/3.0.4/source/user/ifx/drv_amazon/../../../../source/kernel/opensource/linux_2_4_20/include'
LDFLAGS=''
LIBOBJS=''
LIBS=''
LTLIBOBJS=''
MAKEINFO='${SHELL} /home/jainn/3.0.4/source/user/ifx/drv_amazon/missing --run makeinfo'
OBJEXT='o'
PACKAGE='drv_amazon'
PACKAGE_BUGREPORT=''
PACKAGE_NAME='VINETIC VINBOARD Board Driver'
PACKAGE_STRING='VINETIC VINBOARD Board Driver 0.0.1'
PACKAGE_TARNAME='drv_amazon'
PACKAGE_VERSION='0.0.1'
PATH_SEPARATOR=':'
SET_MAKE=''
SHELL='/bin/sh'
STRIP='mips-linux-strip'
VERSION='0.0.1'
VINETIC_INCL_PATH='/home/jainn/3.0.4/source/user/ifx/drv_amazon/../drv_vinetic/src'
WITH_VINETIC_1_4_FALSE='#'
WITH_VINETIC_1_4_TRUE=''
ac_ct_CC=''
ac_ct_STRIP=''
am__fastdepCC_FALSE='#'
am__fastdepCC_TRUE=''
am__include='include'
am__leading_dot='.'
am__quote=''
am__tar='${AMTAR} chof - "$$tardir"'
am__untar='${AMTAR} xf -'
bindir='${exec_prefix}/bin'
build_alias='i686-pc-linux'
datadir='${prefix}/share'
exec_prefix='${prefix}'
host_alias='mips-linux'
includedir='${prefix}/include'
infodir='${prefix}/info'
install_sh='/home/jainn/3.0.4/source/user/ifx/drv_amazon/install-sh'
libdir='${exec_prefix}/lib'
libexecdir='${exec_prefix}/libexec'
localstatedir='${prefix}/var'
mandir='${prefix}/man'
mkdir_p='mkdir -p --'
oldincludedir='/usr/include'
prefix='/usr/local'
program_transform_name='s,x,x,'
sbindir='${exec_prefix}/sbin'
sharedstatedir='${prefix}/com'
sysconfdir='${prefix}/etc'
target_alias=''

## ----------- ##
## confdefs.h. ##
## ----------- ##

#define PACKAGE "drv_amazon"
#define PACKAGE_BUGREPORT ""
#define PACKAGE_NAME "VINETIC VINBOARD Board Driver"
#define PACKAGE_STRING "VINETIC VINBOARD Board Driver 0.0.1"
#define PACKAGE_TARNAME "drv_amazon"
#define PACKAGE_VERSION "0.0.1"
#define VERSION "0.0.1"

configure: exit 0
